<?xml version="1.0" encoding="UTF-8"?>
<!-- Generated by org.testng.reporters.JUnitXMLReporter -->
<testsuite hostname="Admin_SRV-PC" ignored="0" name="Test" tests="12" failures="2" timestamp="2022-04-14T17:09:40 IST" time="103.237" errors="0">
  <testcase name="finaldata" time="1.792" classname="Demo.Demoprovidedata"/>
  <testcase name="finaldata" time="0.799" classname="Demo.Demoprovidedata"/>
  <testcase name="finaldata" time="1.039" classname="Demo.Demoprovidedata"/>
  <testcase name="finaldata" time="0.714" classname="Demo.Demoprovidedata"/>
  <testcase name="finaldata" time="1.073" classname="Demo.Demoprovidedata"/>
  <testcase name="finaldata" time="11.887" classname="Demo.Demoprovidedata">
    <failure type="org.openqa.selenium.TimeoutException" message="Expected condition failed: waiting for visibility of [[ChromeDriver: chrome on WINDOWS (15b92b87127d092fe26867976b4533ad)] -&amp;gt; id: save] (tried for 10 second(s) with 500 milliseconds interval)
Build info: version: &amp;apos;4.1.1&amp;apos;, revision: &amp;apos;e8fcc2cecf&amp;apos;
System info: host: &amp;apos;ADMIN_SRV-PC&amp;apos;, ip: &amp;apos;192.168.88.1&amp;apos;, os.name: &amp;apos;Windows 7&amp;apos;, os.arch: &amp;apos;x86&amp;apos;, os.version: &amp;apos;6.1&amp;apos;, java.version: &amp;apos;1.8.0_321&amp;apos;
Driver info: org.openqa.selenium.chrome.ChromeDriver
Capabilities {acceptInsecureCerts: false, browserName: chrome, browserVersion: 100.0.4896.75, chrome: {chromedriverVersion: 100.0.4896.20 (f9d71f93d32a..., userDataDir: C:\Users\ADMIN_~1\AppData\L...}, goog:chromeOptions: {debuggerAddress: localhost:59692}, javascriptEnabled: true, networkConnectionEnabled: false, pageLoadStrategy: normal, platform: WINDOWS, platformName: WINDOWS, proxy: Proxy(), se:cdp: ws://localhost:59692/devtoo..., se:cdpVersion: 100.0.4896.75, setWindowRect: true, strictFileInteractability: false, timeouts: {implicit: 0, pageLoad: 300000, script: 30000}, unhandledPromptBehavior: dismiss and notify, webauthn:extension:credBlob: true, webauthn:extension:largeBlob: true, webauthn:virtualAuthenticators: true}
Session ID: 15b92b87127d092fe26867976b4533ad">
      <![CDATA[org.openqa.selenium.TimeoutException: Expected condition failed: waiting for visibility of [[ChromeDriver: chrome on WINDOWS (15b92b87127d092fe26867976b4533ad)] -> id: save] (tried for 10 second(s) with 500 milliseconds interval)
Build info: version: '4.1.1', revision: 'e8fcc2cecf'
System info: host: 'ADMIN_SRV-PC', ip: '192.168.88.1', os.name: 'Windows 7', os.arch: 'x86', os.version: '6.1', java.version: '1.8.0_321'
Driver info: org.openqa.selenium.chrome.ChromeDriver
Capabilities {acceptInsecureCerts: false, browserName: chrome, browserVersion: 100.0.4896.75, chrome: {chromedriverVersion: 100.0.4896.20 (f9d71f93d32a..., userDataDir: C:\Users\ADMIN_~1\AppData\L...}, goog:chromeOptions: {debuggerAddress: localhost:59692}, javascriptEnabled: true, networkConnectionEnabled: false, pageLoadStrategy: normal, platform: WINDOWS, platformName: WINDOWS, proxy: Proxy(), se:cdp: ws://localhost:59692/devtoo..., se:cdpVersion: 100.0.4896.75, setWindowRect: true, strictFileInteractability: false, timeouts: {implicit: 0, pageLoad: 300000, script: 30000}, unhandledPromptBehavior: dismiss and notify, webauthn:extension:credBlob: true, webauthn:extension:largeBlob: true, webauthn:virtualAuthenticators: true}
Session ID: 15b92b87127d092fe26867976b4533ad
at org.openqa.selenium.support.ui.WebDriverWait.timeoutException(WebDriverWait.java:138)
at org.openqa.selenium.support.ui.FluentWait.until(FluentWait.java:231)
at Demo.Demoprovidedata.finaldata(Demoprovidedata.java:79)
at java.util.ArrayList.forEach(Unknown Source)
... Removed 27 stack frames]]>
    </failure>
  </testcase> <!-- finaldata -->
  <testcase name="finaldata" time="1.107" classname="Demo.Demoprovidedata"/>
  <testcase name="finaldata" time="1.075" classname="Demo.Demoprovidedata"/>
  <testcase name="finaldata" time="1.087" classname="Demo.Demoprovidedata"/>
  <testcase name="finaldata" time="1.015" classname="Demo.Demoprovidedata"/>
  <testcase name="finaldata" time="1.071" classname="Demo.Demoprovidedata"/>
  <testcase name="takescreenshot" time="0.0" classname="Demo.Demoprovidedata">
    <failure type="org.testng.TestNGException" message="
Cannot inject @Test annotated Method [takescreenshot] with [interface org.testng.ITestResult].
For more information on native dependency injection please refer to https://testng.org/doc/documentation-main.html#native-dependency-injection">
      <![CDATA[org.testng.TestNGException: 
For more information on native dependency injection please refer to https://testng.org/doc/documentation-main.html#native-dependency-injection
at java.util.ArrayList.forEach(Unknown Source)
... Removed 27 stack frames]]>
    </failure>
  </testcase> <!-- takescreenshot -->
</testsuite> <!-- Test -->
